0 info it worked if it ends with ok
1 verbose cli [ '/usr/local/bin/node',
1 verbose cli   '/usr/local/bin/npm',
1 verbose cli   'run',
1 verbose cli   'start:dev' ]
2 info using npm@2.14.20
3 info using node@v4.4.0
4 verbose run-script [ 'prestart:dev', 'start:dev', 'poststart:dev' ]
5 info prestart:dev tpb@0.0.1
6 info start:dev tpb@0.0.1
7 verbose unsafe-perm in lifecycle true
8 info tpb@0.0.1 Failed to exec start:dev script
9 verbose stack Error: tpb@0.0.1 start:dev: `export NODE_ENV=development & node ./app.js`
9 verbose stack Exit status 1
9 verbose stack     at EventEmitter.<anonymous> (/usr/local/lib/node_modules/npm/lib/utils/lifecycle.js:214:16)
9 verbose stack     at emitTwo (events.js:87:13)
9 verbose stack     at EventEmitter.emit (events.js:172:7)
9 verbose stack     at ChildProcess.<anonymous> (/usr/local/lib/node_modules/npm/lib/utils/spawn.js:24:14)
9 verbose stack     at emitTwo (events.js:87:13)
9 verbose stack     at ChildProcess.emit (events.js:172:7)
9 verbose stack     at maybeClose (internal/child_process.js:827:16)
9 verbose stack     at Process.ChildProcess._handle.onexit (internal/child_process.js:211:5)
10 verbose pkgid tpb@0.0.1
11 verbose cwd /Applications/XAMPP/xamppfiles/htdocs/Blok4/TheBindingOfEducation
12 error Darwin 15.4.0
13 error argv "/usr/local/bin/node" "/usr/local/bin/npm" "run" "start:dev"
14 error node v4.4.0
15 error npm  v2.14.20
16 error code ELIFECYCLE
17 error tpb@0.0.1 start:dev: `export NODE_ENV=development & node ./app.js`
17 error Exit status 1
18 error Failed at the tpb@0.0.1 start:dev script 'export NODE_ENV=development & node ./app.js'.
18 error This is most likely a problem with the tpb package,
18 error not with npm itself.
18 error Tell the author that this fails on your system:
18 error     export NODE_ENV=development & node ./app.js
18 error You can get information on how to open an issue for this project with:
18 error     npm bugs tpb
18 error Or if that isn't available, you can get their info via:
18 error
18 error     npm owner ls tpb
18 error There is likely additional logging output above.
19 verbose exit [ 1, true ]
